<?xml version="1.0" encoding="UTF-8"?>
<!-- Generated by org.testng.reporters.JUnitXMLReporter -->
<testsuite hostname="LAPTOP-5EGJT544" ignored="0" name="LoginPage_Create_an_Account" tests="8" failures="2" timestamp="2020-11-19T18:39:13 EST" time="30.641" errors="0">
  <testcase name="@AfterMethod BackToLandingPage" time="12.027" classname="firmLead_TechnicalInterview.LoginPage_Create_an_Account">
    <failure type="org.openqa.selenium.WebDriverException" message="chrome not reachable
  (Session info: chrome=86.0.4240.193)
Build info: version: &amp;apos;3.141.59&amp;apos;, revision: &amp;apos;e82be7d358&amp;apos;, time: &amp;apos;2018-11-14T08:17:03&amp;apos;
System info: host: &amp;apos;LAPTOP-5EGJT544&amp;apos;, ip: &amp;apos;10.0.0.122&amp;apos;, os.name: &amp;apos;Windows 10&amp;apos;, os.arch: &amp;apos;amd64&amp;apos;, os.version: &amp;apos;10.0&amp;apos;, java.version: &amp;apos;1.8.0_241&amp;apos;
Driver info: org.openqa.selenium.chrome.ChromeDriver
Capabilities {acceptInsecureCerts: false, browserName: chrome, browserVersion: 86.0.4240.193, chrome: {chromedriverVersion: 86.0.4240.22 (398b0743353ff..., userDataDir: C:\Users\rabay\AppData\Loca...}, goog:chromeOptions: {debuggerAddress: localhost:61597}, javascriptEnabled: true, networkConnectionEnabled: false, pageLoadStrategy: normal, platform: WINDOWS, platformName: WINDOWS, proxy: Proxy(), setWindowRect: true, strictFileInteractability: false, timeouts: {implicit: 0, pageLoad: 300000, script: 30000}, unhandledPromptBehavior: dismiss and notify, webauthn:virtualAuthenticators: true}
Session ID: acd7424bf0186fb595bb03648d7f318d">
      <![CDATA[org.openqa.selenium.WebDriverException: chrome not reachable
  (Session info: chrome=86.0.4240.193)
Build info: version: '3.141.59', revision: 'e82be7d358', time: '2018-11-14T08:17:03'
System info: host: 'LAPTOP-5EGJT544', ip: '10.0.0.122', os.name: 'Windows 10', os.arch: 'amd64', os.version: '10.0', java.version: '1.8.0_241'
Driver info: org.openqa.selenium.chrome.ChromeDriver
Capabilities {acceptInsecureCerts: false, browserName: chrome, browserVersion: 86.0.4240.193, chrome: {chromedriverVersion: 86.0.4240.22 (398b0743353ff..., userDataDir: C:\Users\rabay\AppData\Loca...}, goog:chromeOptions: {debuggerAddress: localhost:61597}, javascriptEnabled: true, networkConnectionEnabled: false, pageLoadStrategy: normal, platform: WINDOWS, platformName: WINDOWS, proxy: Proxy(), setWindowRect: true, strictFileInteractability: false, timeouts: {implicit: 0, pageLoad: 300000, script: 30000}, unhandledPromptBehavior: dismiss and notify, webauthn:virtualAuthenticators: true}
Session ID: acd7424bf0186fb595bb03648d7f318d
at org.openqa.selenium.remote.http.W3CHttpResponseCodec.createException(W3CHttpResponseCodec.java:187)
at org.openqa.selenium.remote.http.W3CHttpResponseCodec.decode(W3CHttpResponseCodec.java:122)
at org.openqa.selenium.remote.http.W3CHttpResponseCodec.decode(W3CHttpResponseCodec.java:49)
at org.openqa.selenium.remote.HttpCommandExecutor.execute(HttpCommandExecutor.java:158)
at org.openqa.selenium.remote.service.DriverCommandExecutor.execute(DriverCommandExecutor.java:83)
at org.openqa.selenium.remote.RemoteWebDriver.execute(RemoteWebDriver.java:552)
at org.openqa.selenium.remote.RemoteWebDriver.get(RemoteWebDriver.java:277)
at org.openqa.selenium.remote.RemoteWebDriver$RemoteNavigation.to(RemoteWebDriver.java:857)
at firmLead_TechnicalInterview.LoginPage_Create_an_Account.BackToLandingPage(LoginPage_Create_an_Account.java:44)
at java.util.ArrayList.forEach(Unknown Source)
... Removed 36 stack frames]]>
    </failure>
  </testcase> <!-- @AfterMethod BackToLandingPage -->
  <testcase name="@AfterMethod BackToLandingPage" time="-1.605829153221E9" classname="firmLead_TechnicalInterview.LoginPage_Create_an_Account">
    <skipped/>
  </testcase> <!-- @AfterMethod BackToLandingPage -->
  <testcase name="@AfterMethod BackToLandingPage" time="-1.605829153226E9" classname="firmLead_TechnicalInterview.LoginPage_Create_an_Account">
    <skipped/>
  </testcase> <!-- @AfterMethod BackToLandingPage -->
  <testcase name="@AfterMethod BackToLandingPage" time="-1.60582915323E9" classname="firmLead_TechnicalInterview.LoginPage_Create_an_Account">
    <skipped/>
  </testcase> <!-- @AfterMethod BackToLandingPage -->
  <testcase name="@AfterMethod BackToLandingPage" time="-1.605829153233E9" classname="firmLead_TechnicalInterview.LoginPage_Create_an_Account">
    <skipped/>
  </testcase> <!-- @AfterMethod BackToLandingPage -->
  <testcase name="@AfterMethod BackToLandingPage" time="-1.605829153238E9" classname="firmLead_TechnicalInterview.LoginPage_Create_an_Account">
    <skipped/>
  </testcase> <!-- @AfterMethod BackToLandingPage -->
  <testcase name="@AfterTest TerminateDriver" time="-1.60582915324E9" classname="firmLead_TechnicalInterview.LoginPage_Create_an_Account">
    <skipped/>
  </testcase> <!-- @AfterTest TerminateDriver -->
  <testcase name="LoginPage_CreateAnAccount_001_Clicking_link" time="0.116" classname="firmLead_TechnicalInterview.LoginPage_Create_an_Account"/>
  <testcase name="LoginPage_CreateAnAccount_002_Valid_FirstName_LastName_Email" time="0.465" classname="firmLead_TechnicalInterview.LoginPage_Create_an_Account">
    <failure type="java.lang.AssertionError" message="did not expect [https://demo.combyne.ag/onboard/details] but found [https://demo.combyne.ag/onboard/details]">
      <![CDATA[java.lang.AssertionError: did not expect [https://demo.combyne.ag/onboard/details] but found [https://demo.combyne.ag/onboard/details]
at firmLead_TechnicalInterview.LoginPage_Create_an_Account.LoginPage_CreateAnAccount_002_Valid_FirstName_LastName_Email(LoginPage_Create_an_Account.java:95)
at java.util.ArrayList.forEach(Unknown Source)
... Removed 30 stack frames]]>
    </failure>
  </testcase> <!-- LoginPage_CreateAnAccount_002_Valid_FirstName_LastName_Email -->
  <testcase name="LoginPage_CreateAnAccount_003_Valid_FirstName_validEmail" time="12.048" classname="firmLead_TechnicalInterview.LoginPage_Create_an_Account">
    <failure type="org.openqa.selenium.WebDriverException" message="chrome not reachable
  (Session info: chrome=86.0.4240.193)
Build info: version: &amp;apos;3.141.59&amp;apos;, revision: &amp;apos;e82be7d358&amp;apos;, time: &amp;apos;2018-11-14T08:17:03&amp;apos;
System info: host: &amp;apos;LAPTOP-5EGJT544&amp;apos;, ip: &amp;apos;10.0.0.122&amp;apos;, os.name: &amp;apos;Windows 10&amp;apos;, os.arch: &amp;apos;amd64&amp;apos;, os.version: &amp;apos;10.0&amp;apos;, java.version: &amp;apos;1.8.0_241&amp;apos;
Driver info: org.openqa.selenium.chrome.ChromeDriver
Capabilities {acceptInsecureCerts: false, browserName: chrome, browserVersion: 86.0.4240.193, chrome: {chromedriverVersion: 86.0.4240.22 (398b0743353ff..., userDataDir: C:\Users\rabay\AppData\Loca...}, goog:chromeOptions: {debuggerAddress: localhost:61597}, javascriptEnabled: true, networkConnectionEnabled: false, pageLoadStrategy: normal, platform: WINDOWS, platformName: WINDOWS, proxy: Proxy(), setWindowRect: true, strictFileInteractability: false, timeouts: {implicit: 0, pageLoad: 300000, script: 30000}, unhandledPromptBehavior: dismiss and notify, webauthn:virtualAuthenticators: true}
Session ID: acd7424bf0186fb595bb03648d7f318d
*** Element info: {Using=xpath, value=//span[contains(text(),&amp;apos;Create an Account&amp;apos;)]}">
      <![CDATA[org.openqa.selenium.WebDriverException: chrome not reachable
  (Session info: chrome=86.0.4240.193)
Build info: version: '3.141.59', revision: 'e82be7d358', time: '2018-11-14T08:17:03'
System info: host: 'LAPTOP-5EGJT544', ip: '10.0.0.122', os.name: 'Windows 10', os.arch: 'amd64', os.version: '10.0', java.version: '1.8.0_241'
Driver info: org.openqa.selenium.chrome.ChromeDriver
Capabilities {acceptInsecureCerts: false, browserName: chrome, browserVersion: 86.0.4240.193, chrome: {chromedriverVersion: 86.0.4240.22 (398b0743353ff..., userDataDir: C:\Users\rabay\AppData\Loca...}, goog:chromeOptions: {debuggerAddress: localhost:61597}, javascriptEnabled: true, networkConnectionEnabled: false, pageLoadStrategy: normal, platform: WINDOWS, platformName: WINDOWS, proxy: Proxy(), setWindowRect: true, strictFileInteractability: false, timeouts: {implicit: 0, pageLoad: 300000, script: 30000}, unhandledPromptBehavior: dismiss and notify, webauthn:virtualAuthenticators: true}
Session ID: acd7424bf0186fb595bb03648d7f318d
*** Element info: {Using=xpath, value=//span[contains(text(),'Create an Account')]}
at org.openqa.selenium.remote.http.W3CHttpResponseCodec.createException(W3CHttpResponseCodec.java:187)
at org.openqa.selenium.remote.http.W3CHttpResponseCodec.decode(W3CHttpResponseCodec.java:122)
at org.openqa.selenium.remote.http.W3CHttpResponseCodec.decode(W3CHttpResponseCodec.java:49)
at org.openqa.selenium.remote.HttpCommandExecutor.execute(HttpCommandExecutor.java:158)
at org.openqa.selenium.remote.service.DriverCommandExecutor.execute(DriverCommandExecutor.java:83)
at org.openqa.selenium.remote.RemoteWebDriver.execute(RemoteWebDriver.java:552)
at org.openqa.selenium.remote.RemoteWebDriver.findElement(RemoteWebDriver.java:323)
at org.openqa.selenium.remote.RemoteWebDriver.findElementByXPath(RemoteWebDriver.java:428)
at org.openqa.selenium.By$ByXPath.findElement(By.java:353)
at org.openqa.selenium.remote.RemoteWebDriver.findElement(RemoteWebDriver.java:315)
at firmLead_TechnicalInterview.LoginPage_Create_an_Account.LoginPage_CreateAnAccount_003_Valid_FirstName_validEmail(LoginPage_Create_an_Account.java:104)
at java.util.ArrayList.forEach(Unknown Source)
... Removed 31 stack frames]]>
    </failure>
  </testcase> <!-- LoginPage_CreateAnAccount_003_Valid_FirstName_validEmail -->
  <testcase name="LoginPage_CreateAnAccount_004_Valid_FirstName_validlastname" time="0.0" classname="firmLead_TechnicalInterview.LoginPage_Create_an_Account">
    <skipped/>
  </testcase> <!-- LoginPage_CreateAnAccount_004_Valid_FirstName_validlastname -->
  <testcase name="LoginPage_CreateAnAccount_005_NoCredentials" time="0.0" classname="firmLead_TechnicalInterview.LoginPage_Create_an_Account">
    <skipped/>
  </testcase> <!-- LoginPage_CreateAnAccount_005_NoCredentials -->
  <testcase name="LoginPage_CreateAnAccount_006_FirstName" time="0.0" classname="firmLead_TechnicalInterview.LoginPage_Create_an_Account">
    <skipped/>
  </testcase> <!-- LoginPage_CreateAnAccount_006_FirstName -->
  <testcase name="LoginPage_CreateAnAccount_007_LastName" time="0.0" classname="firmLead_TechnicalInterview.LoginPage_Create_an_Account">
    <skipped/>
  </testcase> <!-- LoginPage_CreateAnAccount_007_LastName -->
  <testcase name="LoginPage_CreateAnAccount_008_Email" time="0.0" classname="firmLead_TechnicalInterview.LoginPage_Create_an_Account">
    <skipped/>
  </testcase> <!-- LoginPage_CreateAnAccount_008_Email -->
</testsuite> <!-- LoginPage_Create_an_Account -->
