<?xml version="1.0" encoding="UTF-8"?>
<!-- Generated by org.testng.reporters.JUnitXMLReporter -->
<testsuite hostname="LAPTOP-5EGJT544" ignored="0" name="LoginPage_LoginFunctionality" tests="7" failures="1" timestamp="2020-11-19T18:39:41 EST" time="27.974" errors="0">
  <testcase name="@AfterMethod BackToLandingPage" time="12.029" classname="firmLead_TechnicalInterview.LoginPage_LoginFunctionality">
    <failure type="org.openqa.selenium.WebDriverException" message="chrome not reachable
  (Session info: chrome=86.0.4240.193)
Build info: version: &amp;apos;3.141.59&amp;apos;, revision: &amp;apos;e82be7d358&amp;apos;, time: &amp;apos;2018-11-14T08:17:03&amp;apos;
System info: host: &amp;apos;LAPTOP-5EGJT544&amp;apos;, ip: &amp;apos;10.0.0.122&amp;apos;, os.name: &amp;apos;Windows 10&amp;apos;, os.arch: &amp;apos;amd64&amp;apos;, os.version: &amp;apos;10.0&amp;apos;, java.version: &amp;apos;1.8.0_241&amp;apos;
Driver info: org.openqa.selenium.chrome.ChromeDriver
Capabilities {acceptInsecureCerts: false, browserName: chrome, browserVersion: 86.0.4240.193, chrome: {chromedriverVersion: 86.0.4240.22 (398b0743353ff..., userDataDir: C:\Users\rabay\AppData\Loca...}, goog:chromeOptions: {debuggerAddress: localhost:61690}, javascriptEnabled: true, networkConnectionEnabled: false, pageLoadStrategy: normal, platform: WINDOWS, platformName: WINDOWS, proxy: Proxy(), setWindowRect: true, strictFileInteractability: false, timeouts: {implicit: 0, pageLoad: 300000, script: 30000}, unhandledPromptBehavior: dismiss and notify, webauthn:virtualAuthenticators: true}
Session ID: 86f5a710d825caa3919027ce83804d76">
      <![CDATA[org.openqa.selenium.WebDriverException: chrome not reachable
  (Session info: chrome=86.0.4240.193)
Build info: version: '3.141.59', revision: 'e82be7d358', time: '2018-11-14T08:17:03'
System info: host: 'LAPTOP-5EGJT544', ip: '10.0.0.122', os.name: 'Windows 10', os.arch: 'amd64', os.version: '10.0', java.version: '1.8.0_241'
Driver info: org.openqa.selenium.chrome.ChromeDriver
Capabilities {acceptInsecureCerts: false, browserName: chrome, browserVersion: 86.0.4240.193, chrome: {chromedriverVersion: 86.0.4240.22 (398b0743353ff..., userDataDir: C:\Users\rabay\AppData\Loca...}, goog:chromeOptions: {debuggerAddress: localhost:61690}, javascriptEnabled: true, networkConnectionEnabled: false, pageLoadStrategy: normal, platform: WINDOWS, platformName: WINDOWS, proxy: Proxy(), setWindowRect: true, strictFileInteractability: false, timeouts: {implicit: 0, pageLoad: 300000, script: 30000}, unhandledPromptBehavior: dismiss and notify, webauthn:virtualAuthenticators: true}
Session ID: 86f5a710d825caa3919027ce83804d76
at org.openqa.selenium.remote.http.W3CHttpResponseCodec.createException(W3CHttpResponseCodec.java:187)
at org.openqa.selenium.remote.http.W3CHttpResponseCodec.decode(W3CHttpResponseCodec.java:122)
at org.openqa.selenium.remote.http.W3CHttpResponseCodec.decode(W3CHttpResponseCodec.java:49)
at org.openqa.selenium.remote.HttpCommandExecutor.execute(HttpCommandExecutor.java:158)
at org.openqa.selenium.remote.service.DriverCommandExecutor.execute(DriverCommandExecutor.java:83)
at org.openqa.selenium.remote.RemoteWebDriver.execute(RemoteWebDriver.java:552)
at org.openqa.selenium.remote.RemoteWebDriver.get(RemoteWebDriver.java:277)
at org.openqa.selenium.remote.RemoteWebDriver$RemoteNavigation.to(RemoteWebDriver.java:857)
at firmLead_TechnicalInterview.LoginPage_LoginFunctionality.BackToLandingPage(LoginPage_LoginFunctionality.java:48)
at java.util.ArrayList.forEach(Unknown Source)
... Removed 36 stack frames]]>
    </failure>
  </testcase> <!-- @AfterMethod BackToLandingPage -->
  <testcase name="@AfterMethod BackToLandingPage" time="-1.605829181247E9" classname="firmLead_TechnicalInterview.LoginPage_LoginFunctionality">
    <skipped/>
  </testcase> <!-- @AfterMethod BackToLandingPage -->
  <testcase name="@AfterMethod BackToLandingPage" time="-1.60582918125E9" classname="firmLead_TechnicalInterview.LoginPage_LoginFunctionality">
    <skipped/>
  </testcase> <!-- @AfterMethod BackToLandingPage -->
  <testcase name="@AfterMethod BackToLandingPage" time="-1.605829181253E9" classname="firmLead_TechnicalInterview.LoginPage_LoginFunctionality">
    <skipped/>
  </testcase> <!-- @AfterMethod BackToLandingPage -->
  <testcase name="@AfterMethod BackToLandingPage" time="-1.605829181257E9" classname="firmLead_TechnicalInterview.LoginPage_LoginFunctionality">
    <skipped/>
  </testcase> <!-- @AfterMethod BackToLandingPage -->
  <testcase name="@AfterMethod BackToLandingPage" time="-1.605829181261E9" classname="firmLead_TechnicalInterview.LoginPage_LoginFunctionality">
    <skipped/>
  </testcase> <!-- @AfterMethod BackToLandingPage -->
  <testcase name="@AfterMethod BackToLandingPage" time="-1.605829181264E9" classname="firmLead_TechnicalInterview.LoginPage_LoginFunctionality">
    <skipped/>
  </testcase> <!-- @AfterMethod BackToLandingPage -->
  <testcase name="@AfterTest TerminateDriver" time="-1.605829181266E9" classname="firmLead_TechnicalInterview.LoginPage_LoginFunctionality">
    <skipped/>
  </testcase> <!-- @AfterTest TerminateDriver -->
  <testcase name="loginFunctionality_012_Email_TextBoxenable" time="12.025" classname="firmLead_TechnicalInterview.LoginPage_LoginFunctionality">
    <failure type="org.openqa.selenium.WebDriverException" message="chrome not reachable
  (Session info: chrome=86.0.4240.193)
Build info: version: &amp;apos;3.141.59&amp;apos;, revision: &amp;apos;e82be7d358&amp;apos;, time: &amp;apos;2018-11-14T08:17:03&amp;apos;
System info: host: &amp;apos;LAPTOP-5EGJT544&amp;apos;, ip: &amp;apos;10.0.0.122&amp;apos;, os.name: &amp;apos;Windows 10&amp;apos;, os.arch: &amp;apos;amd64&amp;apos;, os.version: &amp;apos;10.0&amp;apos;, java.version: &amp;apos;1.8.0_241&amp;apos;
Driver info: org.openqa.selenium.chrome.ChromeDriver
Capabilities {acceptInsecureCerts: false, browserName: chrome, browserVersion: 86.0.4240.193, chrome: {chromedriverVersion: 86.0.4240.22 (398b0743353ff..., userDataDir: C:\Users\rabay\AppData\Loca...}, goog:chromeOptions: {debuggerAddress: localhost:61690}, javascriptEnabled: true, networkConnectionEnabled: false, pageLoadStrategy: normal, platform: WINDOWS, platformName: WINDOWS, proxy: Proxy(), setWindowRect: true, strictFileInteractability: false, timeouts: {implicit: 0, pageLoad: 300000, script: 30000}, unhandledPromptBehavior: dismiss and notify, webauthn:virtualAuthenticators: true}
Session ID: 86f5a710d825caa3919027ce83804d76
*** Element info: {Using=xpath, value=//input[@type=&amp;apos;text&amp;apos;]}">
      <![CDATA[org.openqa.selenium.WebDriverException: chrome not reachable
  (Session info: chrome=86.0.4240.193)
Build info: version: '3.141.59', revision: 'e82be7d358', time: '2018-11-14T08:17:03'
System info: host: 'LAPTOP-5EGJT544', ip: '10.0.0.122', os.name: 'Windows 10', os.arch: 'amd64', os.version: '10.0', java.version: '1.8.0_241'
Driver info: org.openqa.selenium.chrome.ChromeDriver
Capabilities {acceptInsecureCerts: false, browserName: chrome, browserVersion: 86.0.4240.193, chrome: {chromedriverVersion: 86.0.4240.22 (398b0743353ff..., userDataDir: C:\Users\rabay\AppData\Loca...}, goog:chromeOptions: {debuggerAddress: localhost:61690}, javascriptEnabled: true, networkConnectionEnabled: false, pageLoadStrategy: normal, platform: WINDOWS, platformName: WINDOWS, proxy: Proxy(), setWindowRect: true, strictFileInteractability: false, timeouts: {implicit: 0, pageLoad: 300000, script: 30000}, unhandledPromptBehavior: dismiss and notify, webauthn:virtualAuthenticators: true}
Session ID: 86f5a710d825caa3919027ce83804d76
*** Element info: {Using=xpath, value=//input[@type='text']}
at org.openqa.selenium.remote.http.W3CHttpResponseCodec.createException(W3CHttpResponseCodec.java:187)
at org.openqa.selenium.remote.http.W3CHttpResponseCodec.decode(W3CHttpResponseCodec.java:122)
at org.openqa.selenium.remote.http.W3CHttpResponseCodec.decode(W3CHttpResponseCodec.java:49)
at org.openqa.selenium.remote.HttpCommandExecutor.execute(HttpCommandExecutor.java:158)
at org.openqa.selenium.remote.service.DriverCommandExecutor.execute(DriverCommandExecutor.java:83)
at org.openqa.selenium.remote.RemoteWebDriver.execute(RemoteWebDriver.java:552)
at org.openqa.selenium.remote.RemoteWebDriver.findElement(RemoteWebDriver.java:323)
at org.openqa.selenium.remote.RemoteWebDriver.findElementByXPath(RemoteWebDriver.java:428)
at org.openqa.selenium.By$ByXPath.findElement(By.java:353)
at org.openqa.selenium.remote.RemoteWebDriver.findElement(RemoteWebDriver.java:315)
at firmLead_TechnicalInterview.LoginPage_LoginFunctionality.loginFunctionality_012_Email_TextBoxenable(LoginPage_LoginFunctionality.java:59)
at java.util.ArrayList.forEach(Unknown Source)
... Removed 31 stack frames]]>
    </failure>
  </testcase> <!-- loginFunctionality_012_Email_TextBoxenable -->
  <testcase name="loginFunctionality_013_Password_TextBoxEnable" time="0.0" classname="firmLead_TechnicalInterview.LoginPage_LoginFunctionality">
    <skipped/>
  </testcase> <!-- loginFunctionality_013_Password_TextBoxEnable -->
  <testcase name="loginFunctionality_014_ValidEmail_ValidPassword" time="0.0" classname="firmLead_TechnicalInterview.LoginPage_LoginFunctionality">
    <skipped/>
  </testcase> <!-- loginFunctionality_014_ValidEmail_ValidPassword -->
  <testcase name="loginFunctionality_015_InvalidEmail_ValidPassword" time="0.0" classname="firmLead_TechnicalInterview.LoginPage_LoginFunctionality">
    <skipped/>
  </testcase> <!-- loginFunctionality_015_InvalidEmail_ValidPassword -->
  <testcase name="loginFunctionality_016_ValidEmail_InvalidPassword" time="0.0" classname="firmLead_TechnicalInterview.LoginPage_LoginFunctionality">
    <skipped/>
  </testcase> <!-- loginFunctionality_016_ValidEmail_InvalidPassword -->
  <testcase name="loginFunctionality_017_NoEmail_NoPassword" time="0.0" classname="firmLead_TechnicalInterview.LoginPage_LoginFunctionality">
    <skipped/>
  </testcase> <!-- loginFunctionality_017_NoEmail_NoPassword -->
  <testcase name="loginFunctionality_018_InvalidEmail_InvalidPassword" time="0.0" classname="firmLead_TechnicalInterview.LoginPage_LoginFunctionality">
    <skipped/>
  </testcase> <!-- loginFunctionality_018_InvalidEmail_InvalidPassword -->
</testsuite> <!-- LoginPage_LoginFunctionality -->
